[2024-12-05T08:19:50.116+0000] {local_task_job_runner.py:123} INFO - ::group::Pre task execution logs
[2024-12-05T08:19:50.134+0000] {taskinstance.py:2613} INFO - Dependencies all met for dep_context=non-requeueable deps ti=<TaskInstance: weather_pipeline.get_weather manual__2024-12-05T08:19:49.033474+00:00 [queued]>
[2024-12-05T08:19:50.144+0000] {taskinstance.py:2613} INFO - Dependencies all met for dep_context=requeueable deps ti=<TaskInstance: weather_pipeline.get_weather manual__2024-12-05T08:19:49.033474+00:00 [queued]>
[2024-12-05T08:19:50.145+0000] {taskinstance.py:2866} INFO - Starting attempt 1 of 6
[2024-12-05T08:19:50.159+0000] {taskinstance.py:2889} INFO - Executing <Task(_PythonDecoratedOperator): get_weather> on 2024-12-05 08:19:49.033474+00:00
[2024-12-05T08:19:50.166+0000] {warnings.py:112} WARNING - /home/***/.local/lib/python3.12/site-packages/***/task/task_runner/standard_task_runner.py:70: DeprecationWarning: This process (pid=509) is multi-threaded, use of fork() may lead to deadlocks in the child.
  pid = os.fork()

[2024-12-05T08:19:50.168+0000] {standard_task_runner.py:72} INFO - Started process 510 to run task
[2024-12-05T08:19:50.168+0000] {standard_task_runner.py:104} INFO - Running: ['***', 'tasks', 'run', 'weather_pipeline', 'get_weather', 'manual__2024-12-05T08:19:49.033474+00:00', '--job-id', '104', '--raw', '--subdir', 'DAGS_FOLDER/weather_pipeline.py', '--cfg-path', '/tmp/tmpfokqxu1x']
[2024-12-05T08:19:50.170+0000] {standard_task_runner.py:105} INFO - Job 104: Subtask get_weather
[2024-12-05T08:19:50.219+0000] {task_command.py:467} INFO - Running <TaskInstance: weather_pipeline.get_weather manual__2024-12-05T08:19:49.033474+00:00 [running]> on host 220bb03a2f1f
[2024-12-05T08:19:50.303+0000] {taskinstance.py:3132} INFO - Exporting env vars: AIRFLOW_CTX_DAG_OWNER='Dung' AIRFLOW_CTX_DAG_ID='weather_pipeline' AIRFLOW_CTX_TASK_ID='get_weather' AIRFLOW_CTX_EXECUTION_DATE='2024-12-05T08:19:49.033474+00:00' AIRFLOW_CTX_TRY_NUMBER='1' AIRFLOW_CTX_DAG_RUN_ID='manual__2024-12-05T08:19:49.033474+00:00'
[2024-12-05T08:19:50.305+0000] {taskinstance.py:731} INFO - ::endgroup::
[2024-12-05T08:19:50.510+0000] {logging_mixin.py:190} INFO - <Response [200]>
[2024-12-05T08:19:50.511+0000] {python.py:240} INFO - Done. Returned value was: {'location': {'name': 'Ho Chi Minh City', 'region': '', 'country': 'Vietnam', 'lat': 10.75, 'lon': 106.6667, 'tz_id': 'Asia/Ho_Chi_Minh', 'localtime_epoch': 1733386663, 'localtime': '2024-12-05 15:17'}, 'current': {'last_updated': '2024-12-05 15:15', 'temp_c': 31.2, 'is_day': 1, 'wind_mph': 2.2, 'wind_degree': 173, 'wind_dir': 'S', 'pressure_mb': 1006.0, 'precip_mm': 1.85, 'humidity': 63, 'cloud': 0, 'feelslike_c': 39.9, 'vis_km': 10.0, 'uv': 2.9, 'gust_mph': 2.8}, 'forecast': {'forecastday': [{'date': '2024-12-05', 'day': {'maxtemp_c': 30.3, 'mintemp_c': 23.5, 'avgtemp_c': 26.0, 'maxwind_mph': 5.8, 'totalprecip_mm': 16.88, 'avgvis_km': 9.1, 'avghumidity': 85, 'daily_will_it_rain': 1, 'daily_chance_of_rain': 96, 'uv': 1.6}}, {'date': '2024-12-06', 'day': {'maxtemp_c': 30.5, 'mintemp_c': 24.0, 'avgtemp_c': 26.5, 'maxwind_mph': 5.6, 'totalprecip_mm': 0.07, 'avgvis_km': 9.3, 'avghumidity': 82, 'daily_will_it_rain': 0, 'daily_chance_of_rain': 0, 'uv': 1.7}}]}}
[2024-12-05T08:19:50.533+0000] {taskinstance.py:340} INFO - ::group::Post task execution logs
[2024-12-05T08:19:50.534+0000] {taskinstance.py:352} INFO - Marking task as SUCCESS. dag_id=weather_pipeline, task_id=get_weather, run_id=manual__2024-12-05T08:19:49.033474+00:00, execution_date=20241205T081949, start_date=20241205T081950, end_date=20241205T081950
[2024-12-05T08:19:50.570+0000] {local_task_job_runner.py:266} INFO - Task exited with return code 0
[2024-12-05T08:19:50.595+0000] {taskinstance.py:3895} INFO - 1 downstream tasks scheduled from follow-on schedule check
[2024-12-05T08:19:50.598+0000] {local_task_job_runner.py:245} INFO - ::endgroup::
