[2024-12-05T07:54:51.171+0000] {local_task_job_runner.py:123} INFO - ::group::Pre task execution logs
[2024-12-05T07:54:51.192+0000] {taskinstance.py:2613} INFO - Dependencies all met for dep_context=non-requeueable deps ti=<TaskInstance: weather_pipeline.get_weather manual__2024-12-05T07:54:50.064409+00:00 [queued]>
[2024-12-05T07:54:51.202+0000] {taskinstance.py:2613} INFO - Dependencies all met for dep_context=requeueable deps ti=<TaskInstance: weather_pipeline.get_weather manual__2024-12-05T07:54:50.064409+00:00 [queued]>
[2024-12-05T07:54:51.204+0000] {taskinstance.py:2866} INFO - Starting attempt 1 of 6
[2024-12-05T07:54:51.220+0000] {taskinstance.py:2889} INFO - Executing <Task(_PythonDecoratedOperator): get_weather> on 2024-12-05 07:54:50.064409+00:00
[2024-12-05T07:54:51.228+0000] {warnings.py:112} WARNING - /home/***/.local/lib/python3.12/site-packages/***/task/task_runner/standard_task_runner.py:70: DeprecationWarning: This process (pid=169) is multi-threaded, use of fork() may lead to deadlocks in the child.
  pid = os.fork()

[2024-12-05T07:54:51.230+0000] {standard_task_runner.py:72} INFO - Started process 170 to run task
[2024-12-05T07:54:51.230+0000] {standard_task_runner.py:104} INFO - Running: ['***', 'tasks', 'run', 'weather_pipeline', 'get_weather', 'manual__2024-12-05T07:54:50.064409+00:00', '--job-id', '91', '--raw', '--subdir', 'DAGS_FOLDER/weather_pipeline.py', '--cfg-path', '/tmp/tmpkp7i3c3j']
[2024-12-05T07:54:51.232+0000] {standard_task_runner.py:105} INFO - Job 91: Subtask get_weather
[2024-12-05T07:54:51.291+0000] {task_command.py:467} INFO - Running <TaskInstance: weather_pipeline.get_weather manual__2024-12-05T07:54:50.064409+00:00 [running]> on host 220bb03a2f1f
[2024-12-05T07:54:51.392+0000] {taskinstance.py:3132} INFO - Exporting env vars: AIRFLOW_CTX_DAG_OWNER='Dung' AIRFLOW_CTX_DAG_ID='weather_pipeline' AIRFLOW_CTX_TASK_ID='get_weather' AIRFLOW_CTX_EXECUTION_DATE='2024-12-05T07:54:50.064409+00:00' AIRFLOW_CTX_TRY_NUMBER='1' AIRFLOW_CTX_DAG_RUN_ID='manual__2024-12-05T07:54:50.064409+00:00'
[2024-12-05T07:54:51.393+0000] {taskinstance.py:731} INFO - ::endgroup::
[2024-12-05T07:54:51.557+0000] {logging_mixin.py:190} INFO - <Response [200]>
[2024-12-05T07:54:51.559+0000] {python.py:240} INFO - Done. Returned value was: {'location': {'name': 'Ho Chi Minh City', 'region': '', 'country': 'Vietnam', 'lat': 10.75, 'lon': 106.6667, 'tz_id': 'Asia/Ho_Chi_Minh', 'localtime_epoch': 1733385105, 'localtime': '2024-12-05 14:51'}, 'current': {'last_updated': '2024-12-05 14:45', 'temp_c': 31.1, 'is_day': 1, 'wind_mph': 2.2, 'wind_degree': 88, 'wind_dir': 'E', 'pressure_mb': 1006.0, 'precip_mm': 3.06, 'humidity': 63, 'cloud': 0, 'feelslike_c': 38.7, 'vis_km': 10.0, 'uv': 5.2, 'gust_mph': 6.7}, 'forecast': {'forecastday': [{'date': '2024-12-05', 'day': {'maxtemp_c': 30.3, 'mintemp_c': 23.5, 'avgtemp_c': 26.0, 'maxwind_mph': 5.8, 'totalprecip_mm': 16.88, 'avgvis_km': 9.1, 'avghumidity': 85, 'daily_will_it_rain': 1, 'daily_chance_of_rain': 96, 'uv': 1.6}}, {'date': '2024-12-06', 'day': {'maxtemp_c': 30.5, 'mintemp_c': 24.0, 'avgtemp_c': 26.5, 'maxwind_mph': 5.6, 'totalprecip_mm': 0.07, 'avgvis_km': 9.3, 'avghumidity': 82, 'daily_will_it_rain': 0, 'daily_chance_of_rain': 0, 'uv': 1.7}}]}}
[2024-12-05T07:54:51.586+0000] {taskinstance.py:340} INFO - ::group::Post task execution logs
[2024-12-05T07:54:51.588+0000] {taskinstance.py:352} INFO - Marking task as SUCCESS. dag_id=weather_pipeline, task_id=get_weather, run_id=manual__2024-12-05T07:54:50.064409+00:00, execution_date=20241205T075450, start_date=20241205T075451, end_date=20241205T075451
[2024-12-05T07:54:51.612+0000] {local_task_job_runner.py:266} INFO - Task exited with return code 0
[2024-12-05T07:54:51.636+0000] {taskinstance.py:3895} INFO - 1 downstream tasks scheduled from follow-on schedule check
[2024-12-05T07:54:51.639+0000] {local_task_job_runner.py:245} INFO - ::endgroup::
